<?xml version="1.0" encoding="UTF-8" ?>
<testsuite tests="1" failures="0" name="org.example.LoginTest" time="0.005" errors="0" skipped="0">
  <properties>
    <property name="java.runtime.name" value="Java(TM) SE Runtime Environment"/>
    <property name="sun.boot.library.path" value="D:\Java\jdk1.8.0_202\jre\bin"/>
    <property name="java.vm.version" value="25.202-b08"/>
    <property name="java.vm.vendor" value="Oracle Corporation"/>
    <property name="maven.multiModuleProjectDirectory" value="C:\Users\芜杂\IdeaProjects\Maven-test"/>
    <property name="java.vendor.url" value="http://java.oracle.com/"/>
    <property name="path.separator" value=";"/>
    <property name="guice.disable.misplaced.annotation.check" value="true"/>
    <property name="java.vm.name" value="Java HotSpot(TM) 64-Bit Server VM"/>
    <property name="file.encoding.pkg" value="sun.io"/>
    <property name="user.script" value=""/>
    <property name="user.country" value="CN"/>
    <property name="sun.java.launcher" value="SUN_STANDARD"/>
    <property name="sun.os.patch.level" value=""/>
    <property name="java.vm.specification.name" value="Java Virtual Machine Specification"/>
    <property name="user.dir" value="C:\Users\芜杂\IdeaProjects\Maven-test"/>
    <property name="java.runtime.version" value="1.8.0_202-b08"/>
    <property name="java.awt.graphicsenv" value="sun.awt.Win32GraphicsEnvironment"/>
    <property name="java.endorsed.dirs" value="D:\Java\jdk1.8.0_202\jre\lib\endorsed"/>
    <property name="os.arch" value="amd64"/>
    <property name="java.io.tmpdir" value="C:\Users\芜杂\AppData\Local\Temp\"/>
    <property name="line.separator" value="
"/>
    <property name="java.vm.specification.vendor" value="Oracle Corporation"/>
    <property name="user.variant" value=""/>
    <property name="os.name" value="Windows 10"/>
    <property name="maven.ext.class.path" value="D:\IntelliJ IDEA 2019.3.3\plugins\maven\lib\maven-event-listener.jar"/>
    <property name="classworlds.conf" value="D:\IntelliJ IDEA 2019.3.3\plugins\maven\lib\maven3\bin\m2.conf"/>
    <property name="sun.jnu.encoding" value="GBK"/>
    <property name="java.library.path" value="D:\Java\jdk1.8.0_202\bin;C:\Windows\Sun\Java\bin;C:\Windows\system32;C:\Windows;C:\Program Files (x86)\Common Files\Oracle\Java\javapath;C:\Windows\system32;C:\Windows;C:\Windows\System32\Wbem;C:\Windows\System32\WindowsPowerShell\v1.0\;C:\Windows\System32\OpenSSH\;D:\apache-tomcat-9.0.27\lib;D:\apache-tomcat-9.0.27\lib\servlet-api.jar;D:\apache-tomcat-9.0.27\lib\jsp-api.jar;D:\Java\jdk1.8.0_202\bin;D:\MySQL\MySQL Server 5.7\bin;C:\Program Files (x86)\Windows Kits\8.1\Windows Performance Toolkit\;C:\Program Files\Microsoft SQL Server\110\Tools\Binn\;C:\Program Files (x86)\Microsoft SDKs\TypeScript\1.0\;C:\Program Files\Microsoft SQL Server\120\Tools\Binn\;D:\TSBrowserDownloads\cmder;C:\Program Files\Git\cmd;D:\node_modules\npm\bin;C:\Users\芜杂\AppData\Roaming\npm\node_modules\cnpm\bin;D:\;C:\Users\芜杂\AppData\Local\Microsoft\WindowsApps;D:\Microsoft VS Code\bin;D:\TSBrowserDownloads\cmder;D:\Fiddler;C:\Users\芜杂\AppData\Roaming\npm;."/>
    <property name="maven.conf" value="D:\IntelliJ IDEA 2019.3.3\plugins\maven\lib\maven3/conf"/>
    <property name="java.specification.name" value="Java Platform API Specification"/>
    <property name="java.class.version" value="52.0"/>
    <property name="sun.management.compiler" value="HotSpot 64-Bit Tiered Compilers"/>
    <property name="idea.version2019.3.3" value="true"/>
    <property name="os.version" value="10.0"/>
    <property name="user.home" value="C:\Users\芜杂"/>
    <property name="user.timezone" value="Asia/Shanghai"/>
    <property name="java.awt.printerjob" value="sun.awt.windows.WPrinterJob"/>
    <property name="java.specification.version" value="1.8"/>
    <property name="file.encoding" value="UTF-8"/>
    <property name="user.name" value="芜杂"/>
    <property name="java.class.path" value="D:\IntelliJ IDEA 2019.3.3\plugins\maven\lib\maven3\boot\plexus-classworlds-2.6.0.jar;D:\IntelliJ IDEA 2019.3.3\lib\idea_rt.jar"/>
    <property name="java.vm.specification.version" value="1.8"/>
    <property name="sun.arch.data.model" value="64"/>
    <property name="java.home" value="D:\Java\jdk1.8.0_202\jre"/>
    <property name="sun.java.command" value="org.codehaus.classworlds.Launcher -Didea.version2019.3.3 -s D:\Tool\apache-maven-3.6.1\conf\settings.xml package"/>
    <property name="java.specification.vendor" value="Oracle Corporation"/>
    <property name="user.language" value="zh"/>
    <property name="awt.toolkit" value="sun.awt.windows.WToolkit"/>
    <property name="java.vm.info" value="mixed mode"/>
    <property name="java.version" value="1.8.0_202"/>
    <property name="java.ext.dirs" value="D:\Java\jdk1.8.0_202\jre\lib\ext;C:\Windows\Sun\Java\lib\ext"/>
    <property name="sun.boot.class.path" value="D:\Java\jdk1.8.0_202\jre\lib\resources.jar;D:\Java\jdk1.8.0_202\jre\lib\rt.jar;D:\Java\jdk1.8.0_202\jre\lib\sunrsasign.jar;D:\Java\jdk1.8.0_202\jre\lib\jsse.jar;D:\Java\jdk1.8.0_202\jre\lib\jce.jar;D:\Java\jdk1.8.0_202\jre\lib\charsets.jar;D:\Java\jdk1.8.0_202\jre\lib\jfr.jar;D:\Java\jdk1.8.0_202\jre\classes"/>
    <property name="java.vendor" value="Oracle Corporation"/>
    <property name="maven.home" value="D:\IntelliJ IDEA 2019.3.3\plugins\maven\lib\maven3"/>
    <property name="file.separator" value="\"/>
    <property name="java.vendor.url.bug" value="http://bugreport.sun.com/bugreport/"/>
    <property name="sun.cpu.endian" value="little"/>
    <property name="sun.io.unicode.encoding" value="UnicodeLittle"/>
    <property name="sun.desktop" value="windows"/>
    <property name="sun.cpu.isalist" value="amd64"/>
  </properties>
  <testcase classname="org.example.LoginTest" name="login" time="0.005"/>
</testsuite>